d:\projects\c++\opengl_engine\gamelogic\debug\vc142.pdb
d:\projects\c++\opengl_engine\gamelogic\debug\vc142.idb
d:\projects\c++\opengl_engine\gamelogic\debug\rotationcomponent.obj
d:\projects\c++\opengl_engine\gamelogic\debug\rotatearoundpointcomponent.obj
d:\projects\c++\opengl_engine\gamelogic\debug\main.obj
d:\projects\c++\opengl_engine\gamelogic\debug\lookatcomponent.obj
d:\projects\c++\opengl_engine\gamelogic\debug\cameramovement.obj
d:\projects\c++\opengl_engine\gamelogic\debug\application3d.obj
d:\projects\c++\opengl_engine\debug\gamelogic.pdb
d:\projects\c++\opengl_engine\gamelogic\debug\gamelogic.tlog\cl.command.1.tlog
d:\projects\c++\opengl_engine\gamelogic\debug\gamelogic.tlog\cl.read.1.tlog
d:\projects\c++\opengl_engine\gamelogic\debug\gamelogic.tlog\cl.write.1.tlog
d:\projects\c++\opengl_engine\gamelogic\debug\gamelogic.tlog\link.10392-cvtres.read.1.tlog
d:\projects\c++\opengl_engine\gamelogic\debug\gamelogic.tlog\link.10392-cvtres.write.1.tlog
d:\projects\c++\opengl_engine\gamelogic\debug\gamelogic.tlog\link.10392-rc.read.1.tlog
d:\projects\c++\opengl_engine\gamelogic\debug\gamelogic.tlog\link.10392-rc.write.1.tlog
d:\projects\c++\opengl_engine\gamelogic\debug\gamelogic.tlog\link.10392.read.1.tlog
d:\projects\c++\opengl_engine\gamelogic\debug\gamelogic.tlog\link.10392.write.1.tlog
d:\projects\c++\opengl_engine\gamelogic\debug\gamelogic.tlog\link.command.1.tlog
d:\projects\c++\opengl_engine\gamelogic\debug\gamelogic.tlog\link.read.1.tlog
d:\projects\c++\opengl_engine\gamelogic\debug\gamelogic.tlog\link.write.1.tlog
