  Main.cpp
Application3D.obj : error LNK2001: unresolved external symbol _SDL_SetWindowTitle
Penjin.lib(StaticMeshComponent.obj) : error LNK2001: unresolved external symbol ___glewEnableVertexAttribArray
Penjin.lib(StaticMeshComponent.obj) : error LNK2001: unresolved external symbol ___glewBindVertexArray
Penjin.lib(StaticMeshComponent.obj) : error LNK2001: unresolved external symbol ___glewVertexAttribPointer
Penjin.lib(StaticMeshComponent.obj) : error LNK2001: unresolved external symbol ___glewBindBuffer
Penjin.lib(StaticMeshComponent.obj) : error LNK2001: unresolved external symbol __imp__glPolygonMode@8
Penjin.lib(StaticMeshComponent.obj) : error LNK2001: unresolved external symbol ___glewBufferData
Penjin.lib(StaticMeshComponent.obj) : error LNK2001: unresolved external symbol ___glewGenVertexArrays
Penjin.lib(StaticMeshComponent.obj) : error LNK2001: unresolved external symbol ___glewGenBuffers
Penjin.lib(Shader.obj) : error LNK2001: unresolved external symbol ___glewUniformMatrix3fv
Penjin.lib(Shader.obj) : error LNK2001: unresolved external symbol ___glewUseProgram
Penjin.lib(Shader.obj) : error LNK2001: unresolved external symbol ___glewGetShaderiv
Penjin.lib(Shader.obj) : error LNK2001: unresolved external symbol ___glewCompileShader
Penjin.lib(Shader.obj) : error LNK2001: unresolved external symbol ___glewCreateShader
Penjin.lib(Shader.obj) : error LNK2001: unresolved external symbol ___glewCreateProgram
Penjin.lib(Shader.obj) : error LNK2001: unresolved external symbol ___glewUniform1i
Penjin.lib(Shader.obj) : error LNK2001: unresolved external symbol ___glewGetShaderInfoLog
Penjin.lib(Shader.obj) : error LNK2001: unresolved external symbol ___glewUniform1f
Penjin.lib(Shader.obj) : error LNK2001: unresolved external symbol ___glewGetUniformLocation
Penjin.lib(Shader.obj) : error LNK2001: unresolved external symbol ___glewAttachShader
Penjin.lib(Shader.obj) : error LNK2001: unresolved external symbol ___glewDeleteProgram
Penjin.lib(Shader.obj) : error LNK2001: unresolved external symbol ___glewShaderSource
Penjin.lib(Shader.obj) : error LNK2001: unresolved external symbol ___glewUniformMatrix4fv
Penjin.lib(Shader.obj) : error LNK2001: unresolved external symbol ___glewUniform3f
Penjin.lib(Shader.obj) : error LNK2001: unresolved external symbol ___glewLinkProgram
Penjin.lib(Shader.obj) : error LNK2001: unresolved external symbol ___glewUniform4f
Penjin.lib(Camera.obj) : error LNK2001: unresolved external symbol _SDL_GetWindowSize
Penjin.lib(Skybox.obj) : error LNK2001: unresolved external symbol __imp__glEnable@4
Penjin.lib(Skybox.obj) : error LNK2001: unresolved external symbol __imp__glDrawElements@16
Penjin.lib(Skybox.obj) : error LNK2001: unresolved external symbol __imp__glDisable@4
Penjin.lib(Time.obj) : error LNK2001: unresolved external symbol _SDL_GetPerformanceCounter
Penjin.lib(Time.obj) : error LNK2001: unresolved external symbol _SDL_GetPerformanceFrequency
Penjin.lib(Application.obj) : error LNK2001: unresolved external symbol _SDL_GL_SwapWindow
Penjin.lib(Application.obj) : error LNK2001: unresolved external symbol __imp__glClear@4
Penjin.lib(Application.obj) : error LNK2001: unresolved external symbol _SDL_Init
Penjin.lib(Application.obj) : error LNK2001: unresolved external symbol _glewGetErrorString@4
Penjin.lib(Application.obj) : error LNK2001: unresolved external symbol _SDL_Quit
Penjin.lib(Application.obj) : error LNK2001: unresolved external symbol _SDL_SetRelativeMouseMode
Penjin.lib(Application.obj) : error LNK2001: unresolved external symbol _SDL_GL_SetAttribute
Penjin.lib(Application.obj) : error LNK2001: unresolved external symbol _SDL_GetMouseState
Penjin.lib(Application.obj) : error LNK2001: unresolved external symbol _SDL_GL_CreateContext
Penjin.lib(Application.obj) : error LNK2001: unresolved external symbol _SDL_PollEvent
Penjin.lib(Application.obj) : error LNK2001: unresolved external symbol __imp__glClearColor@16
Penjin.lib(Application.obj) : error LNK2001: unresolved external symbol _glewExperimental
Penjin.lib(Application.obj) : error LNK2001: unresolved external symbol _SDL_CreateWindow
Penjin.lib(Application.obj) : error LNK2001: unresolved external symbol __imp__glGetString@4
Penjin.lib(Application.obj) : error LNK2001: unresolved external symbol _glewInit@0
Penjin.lib(Texture.obj) : error LNK2001: unresolved external symbol __imp__glBindTexture@8
Penjin.lib(Texture.obj) : error LNK2001: unresolved external symbol __imp__glGenTextures@8
Penjin.lib(Texture.obj) : error LNK2001: unresolved external symbol __imp__glTexParameteri@12
Penjin.lib(Texture.obj) : error LNK2001: unresolved external symbol ___glewActiveTexture
Penjin.lib(Texture.obj) : error LNK2001: unresolved external symbol __imp__glDeleteTextures@8
Penjin.lib(Texture.obj) : error LNK2001: unresolved external symbol __imp__glTexImage2D@36
Penjin.lib(Texture.obj) : error LNK2001: unresolved external symbol ___glewGenerateMipmap
D:\Projects\C++\OpenGL_Engine\Release\GameLogic.exe : fatal error LNK1120: 54 unresolved externals
