d:\projects\c++\opengl_engine\penjin_export\debug\penjin.pdb
d:\projects\c++\opengl_engine\penjin_export\debug\penjin.idb
d:\projects\c++\opengl_engine\penjin_export\debug\vector4.obj
d:\projects\c++\opengl_engine\penjin_export\debug\vector3.obj
d:\projects\c++\opengl_engine\penjin_export\debug\vector2.obj
d:\projects\c++\opengl_engine\penjin_export\debug\transform.obj
d:\projects\c++\opengl_engine\penjin_export\debug\time.obj
d:\projects\c++\opengl_engine\penjin_export\debug\texture.obj
d:\projects\c++\opengl_engine\penjin_export\debug\staticmeshcomponent.obj
d:\projects\c++\opengl_engine\penjin_export\debug\shader.obj
d:\projects\c++\opengl_engine\penjin_export\debug\renderer.obj
d:\projects\c++\opengl_engine\penjin_export\debug\quaternion.obj
d:\projects\c++\opengl_engine\penjin_export\debug\objectloader.obj
d:\projects\c++\opengl_engine\penjin_export\debug\material.obj
d:\projects\c++\opengl_engine\penjin_export\debug\log.obj
d:\projects\c++\opengl_engine\penjin_export\debug\gameobject.obj
d:\projects\c++\opengl_engine\penjin_export\debug\file.obj
d:\projects\c++\opengl_engine\penjin_export\debug\component.obj
d:\projects\c++\opengl_engine\penjin_export\debug\camera.obj
d:\projects\c++\opengl_engine\penjin_export\debug\application.obj
d:\projects\c++\opengl_engine\penjin_export\debug\input.obj
d:\projects\c++\opengl_engine\penjin_export\debug\color.obj
d:\projects\c++\opengl_engine\penjin_export\debug\penjin.lib
d:\projects\c++\opengl_engine\penjin_export\debug\penjin.tlog\cl.command.1.tlog
d:\projects\c++\opengl_engine\penjin_export\debug\penjin.tlog\cl.read.1.tlog
d:\projects\c++\opengl_engine\penjin_export\debug\penjin.tlog\cl.write.1.tlog
d:\projects\c++\opengl_engine\penjin_export\debug\penjin.tlog\lib-link.read.1.tlog
d:\projects\c++\opengl_engine\penjin_export\debug\penjin.tlog\lib-link.write.1.tlog
d:\projects\c++\opengl_engine\penjin_export\debug\penjin.tlog\lib.command.1.tlog
